e:\singletubereader\csharpwebcam-master\webcamlib\obj\release\win32\vc141.pdb
e:\singletubereader\csharpwebcam-master\webcamlib\obj\release\win32\webcamlib.nativecodeanalysis.xml
e:\singletubereader\csharpwebcam-master\webcamlib\obj\release\win32\webcamlib.obj
e:\singletubereader\csharpwebcam-master\webcamlib\obj\release\win32\.netframework,version=v4.0.assemblyattributes.nativecodeanalysis.xml
e:\singletubereader\csharpwebcam-master\webcamlib\obj\release\win32\.netframework,version=v4.0.assemblyattributes.obj
e:\singletubereader\csharpwebcam-master\webcamlib\obj\release\win32\.netframework,version=v4.0.assemblyattributes.asm
e:\singletubereader\csharpwebcam-master\webcamlib\bin\release\win32\webcamlib.dll
e:\singletubereader\csharpwebcam-master\webcamlib\bin\release\win32\webcamlib.pdb
e:\singletubereader\csharpwebcam-master\webcamlib\obj\release\win32\webcamlib.vcxprojresolveassemblyreference.cache
e:\singletubereader\csharpwebcam-master\webcamlib\obj\release\win32\nativecodeanalysis.read.1.tlog
e:\singletubereader\csharpwebcam-master\webcamlib\obj\release\win32\vc.nativecodeanalysis.all.xml
e:\singletubereader\csharpwebcam-master\webcamlib\bin\release\win32\webcamlib.dll.codeanalysislog.xml
e:\singletubereader\csharpwebcam-master\webcamlib\bin\release\win32\webcamlib.dll.lastcodeanalysissucceeded
e:\singletubereader\csharpwebcam-master\webcamlib\obj\release\win32\webcamlib.tlog\cl.command.1.tlog
e:\singletubereader\csharpwebcam-master\webcamlib\obj\release\win32\webcamlib.tlog\cl.read.1.tlog
e:\singletubereader\csharpwebcam-master\webcamlib\obj\release\win32\webcamlib.tlog\cl.write.1.tlog
e:\singletubereader\csharpwebcam-master\webcamlib\obj\release\win32\webcamlib.tlog\link.command.1.tlog
e:\singletubereader\csharpwebcam-master\webcamlib\obj\release\win32\webcamlib.tlog\link.read.1.tlog
e:\singletubereader\csharpwebcam-master\webcamlib\obj\release\win32\webcamlib.tlog\link.write.1.tlog
e:\singletubereader\csharpwebcam-master\webcamlib\obj\release\win32\webcamlib.tlog\metagen.read.1.tlog
e:\singletubereader\csharpwebcam-master\webcamlib\obj\release\win32\webcamlib.tlog\metagen.write.1.tlog
e:\singletubereader\csharpwebcam-master\webcamlib\obj\release\win32\webcamlib.tlog\msxml6r.dll.bi
e:\singletubereader\csharpwebcam-master\webcamlib\obj\release\win32\webcamlib.tlog\rsaenh.dll.bi
e:\singletubereader\csharpwebcam-master\webcamlib\obj\release\win32\webcamlib.tlog\tzres.dll.bi
