e:\singletubereader\csharpwebcam-master\webcamlib\obj\debug\win32\vc141.pdb
e:\singletubereader\csharpwebcam-master\webcamlib\obj\debug\win32\webcamlib.nativecodeanalysis.xml
e:\singletubereader\csharpwebcam-master\webcamlib\obj\debug\win32\webcamlib.obj
e:\singletubereader\csharpwebcam-master\webcamlib\obj\debug\win32\.netframework,version=v4.0.assemblyattributes.nativecodeanalysis.xml
e:\singletubereader\csharpwebcam-master\webcamlib\obj\debug\win32\.netframework,version=v4.0.assemblyattributes.obj
e:\singletubereader\csharpwebcam-master\webcamlib\obj\debug\win32\.netframework,version=v4.0.assemblyattributes.asm
e:\singletubereader\csharpwebcam-master\webcamlib\bin\debug\win32\webcamlib.dll
e:\singletubereader\csharpwebcam-master\webcamlib\bin\debug\win32\webcamlib.pdb
e:\visual studio 2017\projects\singletubereader\webcamlib\obj\debug\win32\.netframework,version=v4.0.assemblyattributes.obj
e:\visual studio 2017\projects\singletubereader\webcamlib\obj\debug\win32\webcamlib.obj
e:\visual studio 2017\projects\singletubereader\webcamlib\obj\debug\win32\nativecodeanalysis.read.1.tlog
e:\visual studio 2017\projects\singletubereader\webcamlib\obj\debug\win32\vc141.pdb
e:\visual studio 2017\projects\singletubereader\webcamlib\obj\debug\win32\.netframework,version=v4.0.assemblyattributes.nativecodeanalysis.xml
e:\visual studio 2017\projects\singletubereader\webcamlib\obj\debug\win32\vc.nativecodeanalysis.all.xml
e:\visual studio 2017\projects\singletubereader\webcamlib\obj\debug\win32\webcamlib.nativecodeanalysis.xml
e:\visual studio 2017\projects\singletubereader\webcamlib\bin\debug\win32\webcamlib.pdb
e:\visual studio 2017\projects\singletubereader\webcamlib\bin\debug\win32\webcamlib.dll
e:\visual studio 2017\projects\singletubereader\webcamlib\bin\debug\win32\webcamlib.dll.codeanalysislog.xml
e:\visual studio 2017\projects\singletubereader\webcamlib\bin\debug\win32\webcamlib.dll.lastcodeanalysissucceeded
e:\visual studio 2017\projects\singletubereader\webcamlib\obj\debug\win32\webcamlib.tlog\cl.command.1.tlog
e:\visual studio 2017\projects\singletubereader\webcamlib\obj\debug\win32\webcamlib.tlog\cl.read.1.tlog
e:\visual studio 2017\projects\singletubereader\webcamlib\obj\debug\win32\webcamlib.tlog\cl.write.1.tlog
e:\visual studio 2017\projects\singletubereader\webcamlib\obj\debug\win32\webcamlib.tlog\link.command.1.tlog
e:\visual studio 2017\projects\singletubereader\webcamlib\obj\debug\win32\webcamlib.tlog\link.read.1.tlog
e:\visual studio 2017\projects\singletubereader\webcamlib\obj\debug\win32\webcamlib.tlog\link.write.1.tlog
e:\visual studio 2017\projects\singletubereader\webcamlib\obj\debug\win32\webcamlib.tlog\metagen.read.1.tlog
e:\visual studio 2017\projects\singletubereader\webcamlib\obj\debug\win32\webcamlib.tlog\metagen.write.1.tlog
e:\visual studio 2017\projects\singletubereader\webcamlib\obj\debug\win32\webcamlib.tlog\msxml6r.dll.bi
e:\visual studio 2017\projects\singletubereader\webcamlib\obj\debug\win32\webcamlib.tlog\rsaenh.dll.bi
e:\visual studio 2017\projects\singletubereader\webcamlib\obj\debug\win32\webcamlib.tlog\tzres.dll.bi
