  WebCamLib.cpp
e:\visual studio 2017\projects\singletubereader\webcamlib\WebCamLib.h(369): warning C4100: "pSample": Unreferenzierter formaler Parameter
e:\visual studio 2017\projects\singletubereader\webcamlib\WebCamLib.h(369): warning C4100: "SampleTime": Unreferenzierter formaler Parameter
e:\visual studio 2017\projects\singletubereader\webcamlib\WebCamLib.h(374): warning C4100: "SampleTime": Unreferenzierter formaler Parameter
e:\visual studio 2017\projects\singletubereader\webcamlib\WebCamLib.h(384): warning C4100: "ppvObject": Unreferenzierter formaler Parameter
e:\visual studio 2017\projects\singletubereader\webcamlib\WebCamLib.h(384): warning C4100: "riid": Unreferenzierter formaler Parameter
e:\visual studio 2017\projects\singletubereader\webcamlib\webcamlib.cpp(819): warning C4706: Zuweisung in bedingtem Ausdruck
e:\visual studio 2017\projects\singletubereader\webcamlib\webcamlib.cpp(845): warning C4706: Zuweisung in bedingtem Ausdruck
e:\visual studio 2017\projects\singletubereader\webcamlib\webcamlib.cpp(490): warning C4706: Zuweisung in bedingtem Ausdruck
e:\visual studio 2017\projects\singletubereader\webcamlib\webcamlib.cpp(643): warning C4706: Zuweisung in bedingtem Ausdruck
e:\visual studio 2017\projects\singletubereader\webcamlib\webcamlib.cpp(647): warning C4706: Zuweisung in bedingtem Ausdruck
e:\visual studio 2017\projects\singletubereader\webcamlib\webcamlib.cpp(718): warning C4706: Zuweisung in bedingtem Ausdruck
  .NETFramework,Version=v4.0.AssemblyAttributes.cpp
  WebCamLib.vcxproj -> E:\Visual Studio 2017\Projects\SingleTubeReader\WebCamLib\bin\Debug\Win32\WebCamLib.dll
  WebCamLib.vcxproj -> E:\Visual Studio 2017\Projects\SingleTubeReader\WebCamLib\bin\Debug\Win32\WebCamLib.pdb (Full PDB)
e:\visual studio 2017\projects\singletubereader\webcamlib\webcamlib.cpp(243): warning C6387: "_Param_(1)" könnte "0" sein:  dies entspricht nicht der Spezifikation für Funktion "IMoniker::BindToStorage". 
e:\visual studio 2017\projects\singletubereader\webcamlib\webcamlib.cpp(368): warning C6387: "_Param_(1)" könnte "0" sein:  dies entspricht nicht der Spezifikation für Funktion "IMoniker::BindToObject". 
e:\visual studio 2017\projects\singletubereader\webcamlib\webcamlib.cpp(1048): warning C6387: "_Param_(1)" könnte "0" sein:  dies entspricht nicht der Spezifikation für Funktion "IMoniker::BindToObject". 
e:\visual studio 2017\projects\singletubereader\webcamlib\webcamlib.cpp(1189): warning C6387: "_Param_(1)" könnte "0" sein:  dies entspricht nicht der Spezifikation für Funktion "IMoniker::BindToObject". 
  Running Code Analysis...
MSBUILD : warning CA2210: Microsoft.Design : Signieren Sie "'WebCamLib.dll'" mit einem Schlüssel mit starkem Namen.
MSBUILD : warning CA1016: Microsoft.Design : Fügen Sie "'WebCamLib.dll'" ein AssemblyVersion-Attribut hinzu.
MSBUILD : warning CA1014: Microsoft.Design : Markieren Sie "'WebCamLib.dll'" mit CLSCompliant(true), da so extern sichtbare Typen verfügbar gemacht werden.
MSBUILD : warning CA1017: Microsoft.Design : Weil "'WebCamLib.dll'" extern sichtbare Typen verfügbar macht, markieren Sie es auf der Assemblyebene mit ComVisible(false), und markieren Sie anschließend alle Typen innerhalb der Assembly mit ComVisible(true), die für COM-Clients verfügbar gemacht werden sollen.
MSBUILD : warning CA1709: Microsoft.Naming : Korrigieren Sie die Schreibweise von "lg" im Membernamen "'CameraControlProperty::Exposure_lgSec'" in LG.
MSBUILD : warning CA1707: Microsoft.Naming : Entfernen Sie die Unterstriche aus dem Membernamen "'CameraControlProperty::Exposure_lgSec'".
MSBUILD : warning CA1709: Microsoft.Naming : Korrigieren Sie die Schreibweise von "mm" im Membernamen "'CameraControlProperty::FocalLength_mm'" in MM.
MSBUILD : warning CA1707: Microsoft.Naming : Entfernen Sie die Unterstriche aus dem Membernamen "'CameraControlProperty::FocalLength_mm'".
MSBUILD : warning CA1709: Microsoft.Naming : Korrigieren Sie die Schreibweise von "f" im Membernamen "'CameraControlProperty::Iris_10f'" in F.
MSBUILD : warning CA1707: Microsoft.Naming : Entfernen Sie die Unterstriche aus dem Membernamen "'CameraControlProperty::Iris_10f'".
MSBUILD : warning CA1709: Microsoft.Naming : Korrigieren Sie die Schreibweise von "degrees" im Membernamen "'CameraControlProperty::Pan_degrees'" in Degrees.
MSBUILD : warning CA1707: Microsoft.Naming : Entfernen Sie die Unterstriche aus dem Membernamen "'CameraControlProperty::Pan_degrees'".
MSBUILD : warning CA1709: Microsoft.Naming : Korrigieren Sie die Schreibweise von "degrees" im Membernamen "'CameraControlProperty::Roll_degrees'" in Degrees.
MSBUILD : warning CA1707: Microsoft.Naming : Entfernen Sie die Unterstriche aus dem Membernamen "'CameraControlProperty::Roll_degrees'".
MSBUILD : warning CA1709: Microsoft.Naming : Korrigieren Sie die Schreibweise von "degrees" im Membernamen "'CameraControlProperty::Tilt_degrees'" in Degrees.
MSBUILD : warning CA1707: Microsoft.Naming : Entfernen Sie die Unterstriche aus dem Membernamen "'CameraControlProperty::Tilt_degrees'".
MSBUILD : warning CA1709: Microsoft.Naming : Korrigieren Sie die Schreibweise von "mm" im Membernamen "'CameraControlProperty::Zoom_mm'" in MM.
MSBUILD : warning CA1707: Microsoft.Naming : Entfernen Sie die Unterstriche aus dem Membernamen "'CameraControlProperty::Zoom_mm'".
e:\visual studio 2017\projects\singletubereader\webcamlib\webcamlib.cpp(57): warning CA2208: Microsoft.Usage : Die 'CameraInfo::Name::set(String^)'-Methode übergibt "Name cannot be null." als 'paramName'-Argument an einen 'ArgumentNullException'-Konstruktor. Ersetzen Sie dieses Argument durch einen der Parameternamen der Methode. Der angegebene Parametername muss dieselbe Schreibweise aufweisen wie in der Deklaration für die Methode.
e:\visual studio 2017\projects\singletubereader\webcamlib\webcamlib.cpp(1259): warning CA1006: Microsoft.Design : Verwenden Sie ggf .einen Entwurf, bei dem 'CameraMethods::CaptureSizes' den generischen Typ "'IList<Tuple<int, int, int>^>'" nicht schachtelt.
e:\visual studio 2017\projects\singletubereader\webcamlib\webcamlib.cpp(1259): warning CA1721: Microsoft.Naming : Der Eigenschaftenname "'CameraMethods::CaptureSizes'" kann aufgrund des Vorhandenseins der 'CameraMethods::GetCaptureSizes(int, IList<Tuple<int, int, int>^>^)'-Methode zu Verwechslungen führen. Benennen Sie einen dieser Member um, oder entfernen Sie diesen.
e:\visual studio 2017\projects\singletubereader\webcamlib\webcamlib.cpp(1121): warning CA1822: Microsoft.Performance : Der this-Parameter (oder "Me" in Visual Basic) von 'CameraMethods::CleanupCameraInfo(void)' wird nie verwendet. Markieren Sie den Member als statisch (oder "Shared" in Visual Basic), oder verwenden Sie "this"/"Me" im Methodentext oder ggf. mindestens einen Eigenschaftenaccessor.
e:\visual studio 2017\projects\singletubereader\webcamlib\webcamlib.cpp(1139): warning CA1822: Microsoft.Performance : Der this-Parameter (oder "Me" in Visual Basic) von 'CameraMethods::ConfigureSampleGrabber(IBaseFilter*)' wird nie verwendet. Markieren Sie den Member als statisch (oder "Shared" in Visual Basic), oder verwenden Sie "this"/"Me" im Methodentext oder ggf. mindestens einen Eigenschaftenaccessor.
e:\visual studio 2017\projects\singletubereader\webcamlib\webcamlib.cpp(1074): warning CA1806: Microsoft.Usage : 'CameraMethods::DisplayCameraPropertiesDialog(int)' ruft 'Global::OleCreatePropertyFrame(HWND__*, unsigned int, unsigned int, const wchar_t*, unsigned int, IUnknown**, unsigned int, _GUID*, unsigned int, unsigned int, void*)' auf, verwendet aber HRESULT oder den Fehlercode nicht, die von der Methode zurückgegeben werden. Dies kann bei Fehlerbedingungen oder bei Ressourcenengpässen ein unerwartetes Verhalten zur Folge haben. Verwenden Sie das Ergebnis in einer Bedingungsanweisung, weisen Sie das Ergebnis einer Variablen zu, oder übergeben Sie es als Argument an eine andere Methode.
e:\visual studio 2017\projects\singletubereader\webcamlib\webcamlib.cpp(1113): warning CA2201: Microsoft.Usage : 'CameraMethods::DisplayCameraPropertiesDialog(int)' erstellt eine Ausnahme vom Typ 'COMException', einem Ausnahmetyp, der von der Laufzeit reserviert ist und nie von verwaltetem Code ausgelöst werden darf. Wenn diese Ausnahmeinstanz ausgelöst werden kann, verwenden Sie einen anderen Ausnahmetyp.
e:\visual studio 2017\projects\singletubereader\webcamlib\webcamlib.cpp(1034): warning CA1305: Microsoft.Globalization : Da das Verhalten von 'int::ToString(void)' basierend auf den aktuellen Gebietsschemaeinstellungen des Benutzers variieren könnte, ersetzen Sie diesen Aufruf in 'CameraMethods::DisplayCameraPropertiesDialog(int)' durch einen Aufruf von 'int::ToString(IFormatProvider^)'. Wenn das Ergebnis von 'int::ToString(IFormatProvider^)' dem Benutzer angezeigt wird, geben Sie "'CultureInfo::CurrentCulture'" als IFormatProvider-Parameter an. Wenn das Ergebnis gespeichert wird und die Software darauf zugreift, z.B. wenn es auf einem Datenträger oder in einer Datenbank gespeichert wird, geben Sie "'CultureInfo::InvariantCulture'" an.
e:\visual studio 2017\projects\singletubereader\webcamlib\webcamlib.cpp(1037): warning CA1305: Microsoft.Globalization : Da das Verhalten von 'int::ToString(void)' basierend auf den aktuellen Gebietsschemaeinstellungen des Benutzers variieren könnte, ersetzen Sie diesen Aufruf in 'CameraMethods::DisplayCameraPropertiesDialog(int)' durch einen Aufruf von 'int::ToString(IFormatProvider^)'. Wenn das Ergebnis von 'int::ToString(IFormatProvider^)' dem Benutzer angezeigt wird, geben Sie "'CultureInfo::CurrentCulture'" als IFormatProvider-Parameter an. Wenn das Ergebnis gespeichert wird und die Software darauf zugreift, z.B. wenn es auf einem Datenträger oder in einer Datenbank gespeichert wird, geben Sie "'CultureInfo::InvariantCulture'" an.
e:\visual studio 2017\projects\singletubereader\webcamlib\webcamlib.cpp(278): warning CA1305: Microsoft.Globalization : Da das Verhalten von 'int::ToString(void)' basierend auf den aktuellen Gebietsschemaeinstellungen des Benutzers variieren könnte, ersetzen Sie diesen Aufruf in 'CameraMethods::GetCameraInfo(int)' durch einen Aufruf von 'int::ToString(IFormatProvider^)'. Wenn das Ergebnis von 'int::ToString(IFormatProvider^)' dem Benutzer angezeigt wird, geben Sie "'CultureInfo::CurrentCulture'" als IFormatProvider-Parameter an. Wenn das Ergebnis gespeichert wird und die Software darauf zugreift, z.B. wenn es auf einem Datenträger oder in einer Datenbank gespeichert wird, geben Sie "'CultureInfo::InvariantCulture'" an.
e:\visual studio 2017\projects\singletubereader\webcamlib\webcamlib.cpp(281): warning CA1305: Microsoft.Globalization : Da das Verhalten von 'int::ToString(void)' basierend auf den aktuellen Gebietsschemaeinstellungen des Benutzers variieren könnte, ersetzen Sie diesen Aufruf in 'CameraMethods::GetCameraInfo(int)' durch einen Aufruf von 'int::ToString(IFormatProvider^)'. Wenn das Ergebnis von 'int::ToString(IFormatProvider^)' dem Benutzer angezeigt wird, geben Sie "'CultureInfo::CurrentCulture'" als IFormatProvider-Parameter an. Wenn das Ergebnis gespeichert wird und die Software darauf zugreift, z.B. wenn es auf einem Datenträger oder in einer Datenbank gespeichert wird, geben Sie "'CultureInfo::InvariantCulture'" an.
e:\visual studio 2017\projects\singletubereader\webcamlib\webcamlib.cpp(1170): warning CA1062: Microsoft.Design : Überprüfen Sie in der extern sichtbaren Methode "'CameraMethods::GetCaptureSizes(int^, IList<Tuple<int^, int^, int^>^>^)'" den Parameter "sizes" vor der Verwendung.
e:\visual studio 2017\projects\singletubereader\webcamlib\webcamlib.cpp(1170): warning CA1006: Microsoft.Design : Verwenden Sie ggf .einen Entwurf, bei dem 'CameraMethods::GetCaptureSizes(int, IList<Tuple<int, int, int>^>^)' den generischen Typ "'IList<Tuple<int, int, int>^>'" nicht schachtelt.
e:\visual studio 2017\projects\singletubereader\webcamlib\webcamlib.cpp(1175): warning CA1305: Microsoft.Globalization : Da das Verhalten von 'int::ToString(void)' basierend auf den aktuellen Gebietsschemaeinstellungen des Benutzers variieren könnte, ersetzen Sie diesen Aufruf in 'CameraMethods::GetCaptureSizes(int, IList<Tuple<int, int, int>^>^)' durch einen Aufruf von 'int::ToString(IFormatProvider^)'. Wenn das Ergebnis von 'int::ToString(IFormatProvider^)' dem Benutzer angezeigt wird, geben Sie "'CultureInfo::CurrentCulture'" als IFormatProvider-Parameter an. Wenn das Ergebnis gespeichert wird und die Software darauf zugreift, z.B. wenn es auf einem Datenträger oder in einer Datenbank gespeichert wird, geben Sie "'CultureInfo::InvariantCulture'" an.
e:\visual studio 2017\projects\singletubereader\webcamlib\webcamlib.cpp(1178): warning CA1305: Microsoft.Globalization : Da das Verhalten von 'int::ToString(void)' basierend auf den aktuellen Gebietsschemaeinstellungen des Benutzers variieren könnte, ersetzen Sie diesen Aufruf in 'CameraMethods::GetCaptureSizes(int, IList<Tuple<int, int, int>^>^)' durch einen Aufruf von 'int::ToString(IFormatProvider^)'. Wenn das Ergebnis von 'int::ToString(IFormatProvider^)' dem Benutzer angezeigt wird, geben Sie "'CultureInfo::CurrentCulture'" als IFormatProvider-Parameter an. Wenn das Ergebnis gespeichert wird und die Software darauf zugreift, z.B. wenn es auf einem Datenträger oder in einer Datenbank gespeichert wird, geben Sie "'CultureInfo::InvariantCulture'" an.
e:\visual studio 2017\projects\singletubereader\webcamlib\webcamlib.cpp(643): warning CA1709: Microsoft.Naming : Korrigieren Sie die Schreibweise von "percentage" im Membernamen "'CameraMethods::GetProperty_percentage(CameraProperty, interior_ptr<int>, interior_ptr<bool>)'" in Percentage.
e:\visual studio 2017\projects\singletubereader\webcamlib\webcamlib.cpp(643): warning CA1707: Microsoft.Naming : Entfernen Sie die Unterstriche aus dem Membernamen "'CameraMethods::GetProperty_percentage(CameraProperty, interior_ptr<int>, interior_ptr<bool>)'".
e:\visual studio 2017\projects\singletubereader\webcamlib\webcamlib.cpp(635): warning CA1709: Microsoft.Naming : Korrigieren Sie die Schreibweise von "percentage" im Membernamen "'CameraMethods::GetProperty_percentage(CameraProperty, interior_ptr<int>, interior_ptr<bool>, interior_ptr<bool>)'" in Percentage.
e:\visual studio 2017\projects\singletubereader\webcamlib\webcamlib.cpp(635): warning CA1707: Microsoft.Naming : Entfernen Sie die Unterstriche aus dem Membernamen "'CameraMethods::GetProperty_percentage(CameraProperty, interior_ptr<int>, interior_ptr<bool>, interior_ptr<bool>)'".
e:\visual studio 2017\projects\singletubereader\webcamlib\webcamlib.cpp(805): warning CA1709: Microsoft.Naming : Korrigieren Sie die Schreibweise von "value" im Membernamen "'CameraMethods::GetProperty_value(CameraControlProperty, interior_ptr<int>, interior_ptr<bool>)'" in Value.
e:\visual studio 2017\projects\singletubereader\webcamlib\webcamlib.cpp(805): warning CA1707: Microsoft.Naming : Entfernen Sie die Unterstriche aus dem Membernamen "'CameraMethods::GetProperty_value(CameraControlProperty, interior_ptr<int>, interior_ptr<bool>)'".
e:\visual studio 2017\projects\singletubereader\webcamlib\webcamlib.cpp(805): warning CA1822: Microsoft.Performance : Der this-Parameter (oder "Me" in Visual Basic) von 'CameraMethods::GetProperty_value(CameraControlProperty, interior_ptr<int>, interior_ptr<bool>)' wird nie verwendet. Markieren Sie den Member als statisch (oder "Shared" in Visual Basic), oder verwenden Sie "this"/"Me" im Methodentext oder ggf. mindestens einen Eigenschaftenaccessor.
e:\visual studio 2017\projects\singletubereader\webcamlib\webcamlib.cpp(623): warning CA1709: Microsoft.Naming : Korrigieren Sie die Schreibweise von "value" im Membernamen "'CameraMethods::GetProperty_value(CameraProperty, interior_ptr<int>, interior_ptr<bool>)'" in Value.
e:\visual studio 2017\projects\singletubereader\webcamlib\webcamlib.cpp(623): warning CA1707: Microsoft.Naming : Entfernen Sie die Unterstriche aus dem Membernamen "'CameraMethods::GetProperty_value(CameraProperty, interior_ptr<int>, interior_ptr<bool>)'".
e:\visual studio 2017\projects\singletubereader\webcamlib\webcamlib.cpp(618): warning CA1709: Microsoft.Naming : Korrigieren Sie die Schreibweise von "value" im Membernamen "'CameraMethods::GetProperty_value(CameraProperty, interior_ptr<int>, interior_ptr<bool>, interior_ptr<bool>)'" in Value.
e:\visual studio 2017\projects\singletubereader\webcamlib\webcamlib.cpp(618): warning CA1707: Microsoft.Naming : Entfernen Sie die Unterstriche aus dem Membernamen "'CameraMethods::GetProperty_value(CameraProperty, interior_ptr<int>, interior_ptr<bool>, interior_ptr<bool>)'".
e:\visual studio 2017\projects\singletubereader\webcamlib\webcamlib.cpp(831): warning CA1709: Microsoft.Naming : Korrigieren Sie die Schreibweise von "value" im Membernamen "'CameraMethods::GetProperty_value(VideoProcAmpProperty, interior_ptr<int>, interior_ptr<bool>)'" in Value.
e:\visual studio 2017\projects\singletubereader\webcamlib\webcamlib.cpp(831): warning CA1707: Microsoft.Naming : Entfernen Sie die Unterstriche aus dem Membernamen "'CameraMethods::GetProperty_value(VideoProcAmpProperty, interior_ptr<int>, interior_ptr<bool>)'".
e:\visual studio 2017\projects\singletubereader\webcamlib\webcamlib.cpp(831): warning CA1822: Microsoft.Performance : Der this-Parameter (oder "Me" in Visual Basic) von 'CameraMethods::GetProperty_value(VideoProcAmpProperty, interior_ptr<int>, interior_ptr<bool>)' wird nie verwendet. Markieren Sie den Member als statisch (oder "Shared" in Visual Basic), oder verwenden Sie "this"/"Me" im Methodentext oder ggf. mindestens einen Eigenschaftenaccessor.
e:\visual studio 2017\projects\singletubereader\webcamlib\webcamlib.cpp(749): warning CA1822: Microsoft.Performance : Der this-Parameter (oder "Me" in Visual Basic) von 'CameraMethods::GetPropertyRange(CameraControlProperty, interior_ptr<int>, interior_ptr<int>, interior_ptr<int>, interior_ptr<int>, interior_ptr<bool>)' wird nie verwendet. Markieren Sie den Member als statisch (oder "Shared" in Visual Basic), oder verwenden Sie "this"/"Me" im Methodentext oder ggf. mindestens einen Eigenschaftenaccessor.
e:\visual studio 2017\projects\singletubereader\webcamlib\webcamlib.cpp(777): warning CA1822: Microsoft.Performance : Der this-Parameter (oder "Me" in Visual Basic) von 'CameraMethods::GetPropertyRange(VideoProcAmpProperty, interior_ptr<int>, interior_ptr<int>, interior_ptr<int>, interior_ptr<int>, interior_ptr<bool>)' wird nie verwendet. Markieren Sie den Member als statisch (oder "Shared" in Visual Basic), oder verwenden Sie "this"/"Me" im Methodentext oder ggf. mindestens einen Eigenschaftenaccessor.
e:\visual studio 2017\projects\singletubereader\webcamlib\webcamlib.cpp(568): warning CA1822: Microsoft.Performance : Der this-Parameter (oder "Me" in Visual Basic) von 'CameraMethods::IsPropertyMaskEqual(CameraProperty, PropertyTypeMask)' wird nie verwendet. Markieren Sie den Member als statisch (oder "Shared" in Visual Basic), oder verwenden Sie "this"/"Me" im Methodentext oder ggf. mindestens einen Eigenschaftenaccessor.
e:\visual studio 2017\projects\singletubereader\webcamlib\webcamlib.cpp(516): warning CA1822: Microsoft.Performance : Der this-Parameter (oder "Me" in Visual Basic) von 'CameraMethods::IsPropertySupported(CameraControlProperty)' wird nie verwendet. Markieren Sie den Member als statisch (oder "Shared" in Visual Basic), oder verwenden Sie "this"/"Me" im Methodentext oder ggf. mindestens einen Eigenschaftenaccessor.
e:\visual studio 2017\projects\singletubereader\webcamlib\webcamlib.cpp(537): warning CA1822: Microsoft.Performance : Der this-Parameter (oder "Me" in Visual Basic) von 'CameraMethods::IsPropertySupported(VideoProcAmpProperty)' wird nie verwendet. Markieren Sie den Member als statisch (oder "Shared" in Visual Basic), oder verwenden Sie "this"/"Me" im Methodentext oder ggf. mindestens einen Eigenschaftenaccessor.
e:\visual studio 2017\projects\singletubereader\webcamlib\webcamlib.cpp(906): warning CA1822: Microsoft.Performance : Der this-Parameter (oder "Me" in Visual Basic) von 'CameraMethods::PropertyHasRange(CameraProperty)' wird nie verwendet. Markieren Sie den Member als statisch (oder "Shared" in Visual Basic), oder verwenden Sie "this"/"Me" im Methodentext oder ggf. mindestens einen Eigenschaftenaccessor.
e:\visual studio 2017\projects\singletubereader\webcamlib\webcamlib.cpp(254): warning CA1806: Microsoft.Usage : 'CameraMethods::RefreshCameraList(void)' ruft 'Global::VariantClear(tagVARIANT*)' auf, verwendet aber HRESULT oder den Fehlercode nicht, die von der Methode zurückgegeben werden. Dies kann bei Fehlerbedingungen oder bei Ressourcenengpässen ein unerwartetes Verhalten zur Folge haben. Verwenden Sie das Ergebnis in einer Bedingungsanweisung, weisen Sie das Ergebnis einer Variablen zu, oder übergeben Sie es als Argument an eine andere Methode.
e:\visual studio 2017\projects\singletubereader\webcamlib\webcamlib.cpp(268): warning CA2201: Microsoft.Usage : 'CameraMethods::RefreshCameraList(void)' erstellt eine Ausnahme vom Typ 'COMException', einem Ausnahmetyp, der von der Laufzeit reserviert ist und nie von verwaltetem Code ausgelöst werden darf. Wenn diese Ausnahmeinstanz ausgelöst werden kann, verwenden Sie einen anderen Ausnahmetyp.
e:\visual studio 2017\projects\singletubereader\webcamlib\webcamlib.cpp(1271): warning CA1822: Microsoft.Performance : Der this-Parameter (oder "Me" in Visual Basic) von 'CameraMethods::SetCaptureFormat(IBaseFilter*, int, int, int)' wird nie verwendet. Markieren Sie den Member als statisch (oder "Shared" in Visual Basic), oder verwenden Sie "this"/"Me" im Methodentext oder ggf. mindestens einen Eigenschaftenaccessor.
e:\visual studio 2017\projects\singletubereader\webcamlib\webcamlib.cpp(710): warning CA1709: Microsoft.Naming : Korrigieren Sie die Schreibweise von "percentage" im Membernamen "'CameraMethods::SetProperty_percentage(CameraProperty, int, bool)'" in Percentage.
e:\visual studio 2017\projects\singletubereader\webcamlib\webcamlib.cpp(710): warning CA1707: Microsoft.Naming : Entfernen Sie die Unterstriche aus dem Membernamen "'CameraMethods::SetProperty_percentage(CameraProperty, int, bool)'".
e:\visual studio 2017\projects\singletubereader\webcamlib\webcamlib.cpp(727): warning CA2208: Microsoft.Usage : Die 'CameraMethods::SetProperty_percentage(CameraProperty, int, bool)'-Methode übergibt "Percentage is not valid." als 'paramName'-Argument an einen 'ArgumentOutOfRangeException'-Konstruktor. Ersetzen Sie dieses Argument durch einen der Parameternamen der Methode. Der angegebene Parametername muss dieselbe Schreibweise aufweisen wie in der Deklaration für die Methode.
e:\visual studio 2017\projects\singletubereader\webcamlib\webcamlib.cpp(705): warning CA1709: Microsoft.Naming : Korrigieren Sie die Schreibweise von "percentage" im Membernamen "'CameraMethods::SetProperty_percentage(CameraProperty, int, bool, interior_ptr<bool>)'" in Percentage.
e:\visual studio 2017\projects\singletubereader\webcamlib\webcamlib.cpp(705): warning CA1707: Microsoft.Naming : Entfernen Sie die Unterstriche aus dem Membernamen "'CameraMethods::SetProperty_percentage(CameraProperty, int, bool, interior_ptr<bool>)'".
e:\visual studio 2017\projects\singletubereader\webcamlib\webcamlib.cpp(857): warning CA1709: Microsoft.Naming : Korrigieren Sie die Schreibweise von "value" im Membernamen "'CameraMethods::SetProperty_value(CameraControlProperty, int, bool)'" in Value.
e:\visual studio 2017\projects\singletubereader\webcamlib\webcamlib.cpp(857): warning CA1707: Microsoft.Naming : Entfernen Sie die Unterstriche aus dem Membernamen "'CameraMethods::SetProperty_value(CameraControlProperty, int, bool)'".
e:\visual studio 2017\projects\singletubereader\webcamlib\webcamlib.cpp(857): warning CA1822: Microsoft.Performance : Der this-Parameter (oder "Me" in Visual Basic) von 'CameraMethods::SetProperty_value(CameraControlProperty, int, bool)' wird nie verwendet. Markieren Sie den Member als statisch (oder "Shared" in Visual Basic), oder verwenden Sie "this"/"Me" im Methodentext oder ggf. mindestens einen Eigenschaftenaccessor.
e:\visual studio 2017\projects\singletubereader\webcamlib\webcamlib.cpp(678): warning CA1709: Microsoft.Naming : Korrigieren Sie die Schreibweise von "value" im Membernamen "'CameraMethods::SetProperty_value(CameraProperty, int, bool)'" in Value.
e:\visual studio 2017\projects\singletubereader\webcamlib\webcamlib.cpp(678): warning CA1707: Microsoft.Naming : Entfernen Sie die Unterstriche aus dem Membernamen "'CameraMethods::SetProperty_value(CameraProperty, int, bool)'".
e:\visual studio 2017\projects\singletubereader\webcamlib\webcamlib.cpp(688): warning CA1709: Microsoft.Naming : Korrigieren Sie die Schreibweise von "value" im Membernamen "'CameraMethods::SetProperty_value(CameraProperty, int, bool, bool)'" in Value.
e:\visual studio 2017\projects\singletubereader\webcamlib\webcamlib.cpp(688): warning CA1707: Microsoft.Naming : Entfernen Sie die Unterstriche aus dem Membernamen "'CameraMethods::SetProperty_value(CameraProperty, int, bool, bool)'".
e:\visual studio 2017\projects\singletubereader\webcamlib\webcamlib.cpp(698): warning CA2208: Microsoft.Usage : Die 'CameraMethods::SetProperty_value(CameraProperty, int, bool, bool)'-Methode übergibt "Property value is outside of its defined range." als 'paramName'-Argument an einen 'ArgumentOutOfRangeException'-Konstruktor. Ersetzen Sie dieses Argument durch einen der Parameternamen der Methode. Der angegebene Parametername muss dieselbe Schreibweise aufweisen wie in der Deklaration für die Methode.
e:\visual studio 2017\projects\singletubereader\webcamlib\webcamlib.cpp(683): warning CA1709: Microsoft.Naming : Korrigieren Sie die Schreibweise von "value" im Membernamen "'CameraMethods::SetProperty_value(CameraProperty, int, bool, bool, interior_ptr<bool>)'" in Value.
e:\visual studio 2017\projects\singletubereader\webcamlib\webcamlib.cpp(683): warning CA1707: Microsoft.Naming : Entfernen Sie die Unterstriche aus dem Membernamen "'CameraMethods::SetProperty_value(CameraProperty, int, bool, bool, interior_ptr<bool>)'".
e:\visual studio 2017\projects\singletubereader\webcamlib\webcamlib.cpp(673): warning CA1709: Microsoft.Naming : Korrigieren Sie die Schreibweise von "value" im Membernamen "'CameraMethods::SetProperty_value(CameraProperty, int, bool, interior_ptr<bool>)'" in Value.
e:\visual studio 2017\projects\singletubereader\webcamlib\webcamlib.cpp(673): warning CA1707: Microsoft.Naming : Entfernen Sie die Unterstriche aus dem Membernamen "'CameraMethods::SetProperty_value(CameraProperty, int, bool, interior_ptr<bool>)'".
e:\visual studio 2017\projects\singletubereader\webcamlib\webcamlib.cpp(879): warning CA1709: Microsoft.Naming : Korrigieren Sie die Schreibweise von "value" im Membernamen "'CameraMethods::SetProperty_value(VideoProcAmpProperty, int, bool)'" in Value.
e:\visual studio 2017\projects\singletubereader\webcamlib\webcamlib.cpp(879): warning CA1707: Microsoft.Naming : Entfernen Sie die Unterstriche aus dem Membernamen "'CameraMethods::SetProperty_value(VideoProcAmpProperty, int, bool)'".
e:\visual studio 2017\projects\singletubereader\webcamlib\webcamlib.cpp(879): warning CA1822: Microsoft.Performance : Der this-Parameter (oder "Me" in Visual Basic) von 'CameraMethods::SetProperty_value(VideoProcAmpProperty, int, bool)' wird nie verwendet. Markieren Sie den Member als statisch (oder "Shared" in Visual Basic), oder verwenden Sie "this"/"Me" im Methodentext oder ggf. mindestens einen Eigenschaftenaccessor.
e:\visual studio 2017\projects\singletubereader\webcamlib\webcamlib.cpp(300): warning CA1502: Microsoft.Maintainability : 'CameraMethods::StartCamera(int, interior_ptr<int>, interior_ptr<int>, interior_ptr<int>)' weist eine zyklomatische Komplexität von 34 auf. Schreiben Sie die Methode neu, oder gestalten Sie sie um, um die Komplexität auf 25 zu reduzieren.
e:\visual studio 2017\projects\singletubereader\webcamlib\webcamlib.cpp(302): warning CA1305: Microsoft.Globalization : Da das Verhalten von 'int::ToString(void)' basierend auf den aktuellen Gebietsschemaeinstellungen des Benutzers variieren könnte, ersetzen Sie diesen Aufruf in 'CameraMethods::StartCamera(int, interior_ptr<int>, interior_ptr<int>, interior_ptr<int>)' durch einen Aufruf von 'int::ToString(IFormatProvider^)'. Wenn das Ergebnis von 'int::ToString(IFormatProvider^)' dem Benutzer angezeigt wird, geben Sie "'CultureInfo::CurrentCulture'" als IFormatProvider-Parameter an. Wenn das Ergebnis gespeichert wird und die Software darauf zugreift, z.B. wenn es auf einem Datenträger oder in einer Datenbank gespeichert wird, geben Sie "'CultureInfo::InvariantCulture'" an.
e:\visual studio 2017\projects\singletubereader\webcamlib\webcamlib.cpp(305): warning CA1305: Microsoft.Globalization : Da das Verhalten von 'int::ToString(void)' basierend auf den aktuellen Gebietsschemaeinstellungen des Benutzers variieren könnte, ersetzen Sie diesen Aufruf in 'CameraMethods::StartCamera(int, interior_ptr<int>, interior_ptr<int>, interior_ptr<int>)' durch einen Aufruf von 'int::ToString(IFormatProvider^)'. Wenn das Ergebnis von 'int::ToString(IFormatProvider^)' dem Benutzer angezeigt wird, geben Sie "'CultureInfo::CurrentCulture'" als IFormatProvider-Parameter an. Wenn das Ergebnis gespeichert wird und die Software darauf zugreift, z.B. wenn es auf einem Datenträger oder in einer Datenbank gespeichert wird, geben Sie "'CultureInfo::InvariantCulture'" an.
e:\visual studio 2017\projects\singletubereader\webcamlib\webcamlib.h(171): warning CA1009: Microsoft.Design : Deklarieren Sie den ersten Parameter von "'CameraMethods::CaptureCallbackDelegate'" als Objekt mit dem Namen "sender".
e:\visual studio 2017\projects\singletubereader\webcamlib\webcamlib.h(171): warning CA1009: Microsoft.Design : Deklarieren Sie den zweiten Parameter von "'CameraMethods::CaptureCallbackDelegate'" als EventArgs oder als Instanz eines Typs, durch den EventArgs erweitert wird, mit dem Namen "e".
MSBUILD : warning CA1034: Microsoft.Design : Schachteln Sie den Typ 'CameraMethods::CaptureCallbackDelegate' nicht. Ändern Sie stattdessen seinen Zugriff so, dass er nicht extern sichtbar ist.
MSBUILD : warning CA1008: Microsoft.Design : Fügen Sie "'CameraProperty'" einen Member hinzu, der den Wert 0 (null) und den vorgeschlagenen Namen "None" aufweist.
MSBUILD : warning CA1709: Microsoft.Naming : Korrigieren Sie die Schreibweise von "lg" im Membernamen "'CameraProperty::Exposure_lgSec'" in LG.
MSBUILD : warning CA1707: Microsoft.Naming : Entfernen Sie die Unterstriche aus dem Membernamen "'CameraProperty::Exposure_lgSec'".
MSBUILD : warning CA1709: Microsoft.Naming : Korrigieren Sie die Schreibweise von "mm" im Membernamen "'CameraProperty::FocalLength_mm'" in MM.
MSBUILD : warning CA1707: Microsoft.Naming : Entfernen Sie die Unterstriche aus dem Membernamen "'CameraProperty::FocalLength_mm'".
MSBUILD : warning CA1709: Microsoft.Naming : Korrigieren Sie die Schreibweise von "f" im Membernamen "'CameraProperty::Iris_10f'" in F.
MSBUILD : warning CA1707: Microsoft.Naming : Entfernen Sie die Unterstriche aus dem Membernamen "'CameraProperty::Iris_10f'".
MSBUILD : warning CA1709: Microsoft.Naming : Korrigieren Sie die Schreibweise von "degrees" im Membernamen "'CameraProperty::Pan_degrees'" in Degrees.
MSBUILD : warning CA1707: Microsoft.Naming : Entfernen Sie die Unterstriche aus dem Membernamen "'CameraProperty::Pan_degrees'".
MSBUILD : warning CA1709: Microsoft.Naming : Korrigieren Sie die Schreibweise von "degrees" im Membernamen "'CameraProperty::Roll_degrees'" in Degrees.
MSBUILD : warning CA1707: Microsoft.Naming : Entfernen Sie die Unterstriche aus dem Membernamen "'CameraProperty::Roll_degrees'".
MSBUILD : warning CA1709: Microsoft.Naming : Korrigieren Sie die Schreibweise von "degrees" im Membernamen "'CameraProperty::Tilt_degrees'" in Degrees.
MSBUILD : warning CA1707: Microsoft.Naming : Entfernen Sie die Unterstriche aus dem Membernamen "'CameraProperty::Tilt_degrees'".
MSBUILD : warning CA1709: Microsoft.Naming : Korrigieren Sie die Schreibweise von "mm" im Membernamen "'CameraProperty::Zoom_mm'" in MM.
MSBUILD : warning CA1707: Microsoft.Naming : Entfernen Sie die Unterstriche aus dem Membernamen "'CameraProperty::Zoom_mm'".
e:\visual studio 2017\projects\singletubereader\webcamlib\webcamlib.cpp(78): warning CA1500: Microsoft.Maintainability : 'cameraIndex', ein in 'CameraPropertyCapabilities::CameraIndex::set(int)' deklarierter Parameter, hat denselben Namen wie ein Instanzenfeld für den Typ. Ändern Sie den Namen eines dieser Elemente.
MSBUILD : warning CA1008: Microsoft.Design : Fügen Sie "'PropertyTypeMask'" einen Member hinzu, der den Wert 0 (null) und den vorgeschlagenen Namen "None" aufweist.
MSBUILD : warning CA1027: Microsoft.Design : Die einzelnen Member von "'PropertyTypeMask'" stellen möglicherweise kombinierbare Flags und keine einzelnen Werte dar. Markieren Sie in diesem Fall die Enumeration mit FlagsAttribute.
  Code Analysis Complete -- 0 error(s), 100 warning(s)
